Setup Client Server Connection at Thu Jan  2 17:02:22 2020
 
Creating client socket 
Client-Client Socket created successfully 
Client- Socket Id : 5 
Client-Connecting to server 
Connect- Error:Tried to connect server on port , failed..giving up 
Setup Client Server Connection at Fri Jan  3 10:05:17 2020
 
Creating client socket 
Client-Client Socket created successfully 
Client- Socket Id : 5 
Client-Connecting to server 
Connect- Error:Tried to connect server on port , failed..giving up 
Setup Client Server Connection at Fri Jan  3 10:06:48 2020
 
Creating client socket 
Client-Client Socket created successfully 
Client- Socket Id : 5 
Client-Connecting to server 
Connect- Error:Tried to connect server on port , failed..giving up 
Setup Client Server Connection at Fri Jan  3 10:08:04 2020
 
Creating client socket 
Client-Client Socket created successfully 
Client- Socket Id : 5 
Client-Connecting to server 
Connect- Error:Tried to connect server on port , failed..giving up 
Setup Client Server Connection at Fri Jan  3 10:11:04 2020
 
Creating client socket 
Client-Client Socket created successfully 
Client- Socket Id : 5 
Client-Connecting to server 
Connect- Error:Tried to connect server on port , failed..giving up 
Setup Client Server Connection at Fri Jan  3 10:14:56 2020
 
Creating client socket 
Client-Client Socket created successfully 
Client- Socket Id : 5 
Client-Connecting to server 
Connect- Error:Tried to connect server on port , failed..giving up 
Setup Client Server Connection at Fri Jan  3 10:19:08 2020
 
Creating client socket 
Client-Client Socket created successfully 
Client- Socket Id : 5 
Client-Connecting to server 
Connect- Error:Tried to connect server on port , failed..giving up 
Setup Client Server Connection at Fri Jan  3 10:23:07 2020
 
Creating client socket 
Client-Client Socket created successfully 
Client- Socket Id : 5 
Client-Connecting to server 
Connect- Error:Tried to connect server on port , failed..giving up 
Setup Client Server Connection at Fri Jan  3 10:24:57 2020
 
Creating client socket 
Client-Client Socket created successfully 
Client- Socket Id : 5 
Client-Connecting to server 
Connect- Error:Tried to connect server on port , failed..giving up 
Setup Client Server Connection at Fri Jan  3 10:55:18 2020
 
Creating client socket 
Client-Client Socket created successfully 
Client- Socket Id : 5 
Client-Connecting to server 
Connect- Error:Tried to connect server on port , failed..giving up 
Setup Client Server Connection at Fri Jan  3 11:24:08 2020
 
Creating client socket 
Client-Client Socket created successfully 
Client- Socket Id : 5 
Client-Connecting to server 
Connect- Error:Tried to connect server on port , failed..giving up 
Setup Client Server Connection at Fri Jan  3 11:25:50 2020
 
Creating client socket 
Client-Client Socket created successfully 
Client- Socket Id : 5 
Client-Connecting to server 
Client-Connected to server 
Socket Id : 5 & Message sent : therm:000 
Message Received From Server- op:00;
Client-Bit val is 0 
Client-Bit val is 0 
Creating client socket 
Client-Client Socket created successfully 
Client- Socket Id : 5 
Client-Connecting to server 
Client-Connected to server 
Socket Id : 5 & Message sent : therm:000 
Message Received From Server- op:00;
Client-Bit val is 0 
Client-Bit val is 0 
Creating client socket 
Client-Client Socket created successfully 
Client- Socket Id : 5 
Client-Connecting to server 
Client-Connected to server 
Socket Id : 5 & Message sent : therm:001 
Message Received From Server- op:01;
Client-Bit val is 0 
Client-Bit val is 1 
Creating client socket 
Client-Client Socket created successfully 
Client- Socket Id : 5 
Client-Connecting to server 
Client-Connected to server 
Socket Id : 5 & Message sent : therm:011 
Message Received From Server- op:10;
Client-Bit val is 1 
Client-Bit val is 0 
Creating client socket 
Client-Client Socket created successfully 
Client- Socket Id : 5 
Client-Connecting to server 
Client-Connected to server 
Socket Id : 5 & Message sent : therm:111 
Message Received From Server- op:11;
Client-Bit val is 1 
Client-Bit val is 1 
Setup Client Server Connection at Fri Jan  3 12:15:57 2020
 
Creating client socket 
Client-Client Socket created successfully 
Client- Socket Id : 5 
Client-Connecting to server 
Client-Connected to server 
Socket Id : 5 & Message sent : therm:000 
Message Received From Server- op:00;
Client-Bit val is 0 
Client-Bit val is 0 
Creating client socket 
Client-Client Socket created successfully 
Client- Socket Id : 5 
Client-Connecting to server 
Client-Connected to server 
Socket Id : 5 & Message sent : therm:000 
Message Received From Server- op:00;
Client-Bit val is 0 
Client-Bit val is 0 
Creating client socket 
Client-Client Socket created successfully 
Client- Socket Id : 5 
Client-Connecting to server 
Client-Connected to server 
Socket Id : 5 & Message sent : therm:001 
Message Received From Server- op:01;
Client-Bit val is 0 
Client-Bit val is 1 
Creating client socket 
Client-Client Socket created successfully 
Client- Socket Id : 5 
Client-Connecting to server 
Client-Connected to server 
Socket Id : 5 & Message sent : therm:011 
Message Received From Server- op:10;
Client-Bit val is 1 
Client-Bit val is 0 
Creating client socket 
Client-Client Socket created successfully 
Client- Socket Id : 5 
Client-Connecting to server 
Client-Connected to server 
Socket Id : 5 & Message sent : therm:111 
Message Received From Server- op:11;
Client-Bit val is 1 
Client-Bit val is 1 
Setup Client Server Connection at Fri Jan  3 12:17:19 2020
 
Creating client socket 
Client-Client Socket created successfully 
Client- Socket Id : 5 
Client-Connecting to server 
Client-Connected to server 
Socket Id : 5 & Message sent : therm:000 
Message Received From Server- op:00;
Client-Bit val is 0 
Client-Bit val is 0 
Creating client socket 
Client-Client Socket created successfully 
Client- Socket Id : 5 
Client-Connecting to server 
Client-Connected to server 
Socket Id : 5 & Message sent : therm:000 
Message Received From Server- op:00;
Client-Bit val is 0 
Client-Bit val is 0 
Creating client socket 
Client-Client Socket created successfully 
Client- Socket Id : 5 
Client-Connecting to server 
Client-Connected to server 
Socket Id : 5 & Message sent : therm:001 
Message Received From Server- op:01;
Client-Bit val is 0 
Client-Bit val is 1 
Creating client socket 
Client-Client Socket created successfully 
Client- Socket Id : 5 
Client-Connecting to server 
Client-Connected to server 
Socket Id : 5 & Message sent : therm:011 
Message Received From Server- op:10;
Client-Bit val is 1 
Client-Bit val is 0 
Creating client socket 
Client-Client Socket created successfully 
Client- Socket Id : 5 
Client-Connecting to server 
Client-Connected to server 
Socket Id : 5 & Message sent : therm:111 
Message Received From Server- op:11;
Client-Bit val is 1 
Client-Bit val is 1 
Setup Client Server Connection at Fri Jan  3 12:18:13 2020
 
Creating client socket 
Client-Client Socket created successfully 
Client- Socket Id : 5 
Client-Connecting to server 
Client-Connected to server 
Socket Id : 5 & Message sent : therm:000 
Message Received From Server- op:00;
Client-Bit val is 0 
Client-Bit val is 0 
Creating client socket 
Client-Client Socket created successfully 
Client- Socket Id : 5 
Client-Connecting to server 
Client-Connected to server 
Socket Id : 5 & Message sent : therm:000 
Message Received From Server- op:00;
Client-Bit val is 0 
Client-Bit val is 0 
Creating client socket 
Client-Client Socket created successfully 
Client- Socket Id : 5 
Client-Connecting to server 
Client-Connected to server 
Socket Id : 5 & Message sent : therm:001 
Message Received From Server- op:01;
Client-Bit val is 0 
Client-Bit val is 1 
Creating client socket 
Client-Client Socket created successfully 
Client- Socket Id : 5 
Client-Connecting to server 
Client-Connected to server 
Socket Id : 5 & Message sent : therm:011 
Message Received From Server- op:10;
Client-Bit val is 1 
Client-Bit val is 0 
Creating client socket 
Client-Client Socket created successfully 
Client- Socket Id : 5 
Client-Connecting to server 
Client-Connected to server 
Socket Id : 5 & Message sent : therm:111 
Message Received From Server- op:11;
Client-Bit val is 1 
Client-Bit val is 1 
Setup Client Server Connection at Fri Jan  3 12:23:23 2020
 
Creating client socket 
Client-Client Socket created successfully 
Client- Socket Id : 5 
Client-Connecting to server 
Client-Connected to server 
Socket Id : 5 & Message sent : therm:000 
Message Received From Server- op:00;
Client-Bit val is 0 
Client-Bit val is 0 
Creating client socket 
Client-Client Socket created successfully 
Client- Socket Id : 5 
Client-Connecting to server 
Client-Connected to server 
Socket Id : 5 & Message sent : therm:000 
Message Received From Server- op:00;
Client-Bit val is 0 
Client-Bit val is 0 
Creating client socket 
Client-Client Socket created successfully 
Client- Socket Id : 5 
Client-Connecting to server 
Client-Connected to server 
Socket Id : 5 & Message sent : therm:001 
Message Received From Server- op:01;
Client-Bit val is 0 
Client-Bit val is 1 
Creating client socket 
Client-Client Socket created successfully 
Client- Socket Id : 5 
Client-Connecting to server 
Client-Connected to server 
Socket Id : 5 & Message sent : therm:011 
Message Received From Server- op:10;
Client-Bit val is 1 
Client-Bit val is 0 
Creating client socket 
Client-Client Socket created successfully 
Client- Socket Id : 5 
Client-Connecting to server 
Client-Connected to server 
Socket Id : 5 & Message sent : therm:111 
Message Received From Server- op:11;
Client-Bit val is 1 
Client-Bit val is 1 
Setup Client Server Connection at Fri Jan  3 14:14:34 2020
 
Creating client socket 
Client-Client Socket created successfully 
Client- Socket Id : 5 
Client-Connecting to server 
Client-Connected to server 
Socket Id : 5 & Message sent : therm:000 
Message Received From Server- op:00;
Client-Bit val is 0 
Client-Bit val is 0 
Creating client socket 
Client-Client Socket created successfully 
Client- Socket Id : 5 
Client-Connecting to server 
Client-Connected to server 
Socket Id : 5 & Message sent : therm:000 
Message Received From Server- op:00;
Client-Bit val is 0 
Client-Bit val is 0 
Creating client socket 
Client-Client Socket created successfully 
Client- Socket Id : 5 
Client-Connecting to server 
Client-Connected to server 
Socket Id : 5 & Message sent : therm:001 
Message Received From Server- op:01;
Client-Bit val is 0 
Client-Bit val is 1 
Creating client socket 
Client-Client Socket created successfully 
Client- Socket Id : 5 
Client-Connecting to server 
Client-Connected to server 
Socket Id : 5 & Message sent : therm:011 
Message Received From Server- op:10;
Client-Bit val is 1 
Client-Bit val is 0 
Creating client socket 
Client-Client Socket created successfully 
Client- Socket Id : 5 
Client-Connecting to server 
Client-Connected to server 
Socket Id : 5 & Message sent : therm:111 
Message Received From Server- op:11;
Client-Bit val is 1 
Client-Bit val is 1 
Setup Client Server Connection at Fri Jan  3 14:15:14 2020
 
Creating client socket 
Client-Client Socket created successfully 
Client- Socket Id : 5 
Client-Connecting to server 
Client-Connected to server 
Socket Id : 5 & Message sent : therm:000 
Message Received From Server- op:00;
Client-Bit val is 0 
Client-Bit val is 0 
Creating client socket 
Client-Client Socket created successfully 
Client- Socket Id : 5 
Client-Connecting to server 
Client-Connected to server 
Socket Id : 5 & Message sent : therm:000 
Message Received From Server- op:00;
Client-Bit val is 0 
Client-Bit val is 0 
Setup Client Server Connection at Fri Jan  3 14:16:51 2020
 
Creating client socket 
Client-Client Socket created successfully 
Client- Socket Id : 5 
Client-Connecting to server 
Client-Connected to server 
Socket Id : 5 & Message sent : therm:000 
Message Received From Server- op:00;
Client-Bit val is 0 
Client-Bit val is 0 
Creating client socket 
Client-Client Socket created successfully 
Client- Socket Id : 5 
Client-Connecting to server 
Client-Connected to server 
Socket Id : 5 & Message sent : therm:000 
Message Received From Server- op:00;
Client-Bit val is 0 
Client-Bit val is 0 
Setup Client Server Connection at Fri Jan  3 14:17:41 2020
 
Creating client socket 
Client-Client Socket created successfully 
Client- Socket Id : 5 
Client-Connecting to server 
Client-Connected to server 
Socket Id : 5 & Message sent : therm:000 
Message Received From Server- op:00;
Client-Bit val is 0 
Client-Bit val is 0 
Creating client socket 
Client-Client Socket created successfully 
Client- Socket Id : 5 
Client-Connecting to server 
Client-Connected to server 
Socket Id : 5 & Message sent : therm:000 
Message Received From Server- op:00;
Client-Bit val is 0 
Client-Bit val is 0 
Setup Client Server Connection at Fri Jan  3 14:18:20 2020
 
Creating client socket 
Client-Client Socket created successfully 
Client- Socket Id : 5 
Client-Connecting to server 
Client-Connected to server 
Socket Id : 5 & Message sent : therm:000 
Message Received From Server- op:00;
Client-Bit val is 0 
Client-Bit val is 0 
Creating client socket 
Client-Client Socket created successfully 
Client- Socket Id : 5 
Client-Connecting to server 
Client-Connected to server 
Socket Id : 5 & Message sent : therm:000 
Message Received From Server- op:00;
Client-Bit val is 0 
Client-Bit val is 0 
Setup Client Server Connection at Fri Jan  3 14:18:48 2020
 
Creating client socket 
Client-Client Socket created successfully 
Client- Socket Id : 5 
Client-Connecting to server 
Client-Connected to server 
Socket Id : 5 & Message sent : therm:000 
Message Received From Server- op:00;
Client-Bit val is 0 
Client-Bit val is 0 
Creating client socket 
Client-Client Socket created successfully 
Client- Socket Id : 5 
Client-Connecting to server 
Client-Connected to server 
Socket Id : 5 & Message sent : therm:000 
Message Received From Server- op:00;
Client-Bit val is 0 
Client-Bit val is 0 
Creating client socket 
Client-Client Socket created successfully 
Client- Socket Id : 5 
Client-Connecting to server 
Client-Connected to server 
Socket Id : 5 & Message sent : therm:001 
Message Received From Server- op:01;
Client-Bit val is 0 
Client-Bit val is 1 
Creating client socket 
Client-Client Socket created successfully 
Client- Socket Id : 5 
Client-Connecting to server 
Client-Connected to server 
Socket Id : 5 & Message sent : therm:011 
Message Received From Server- op:10;
Client-Bit val is 1 
Client-Bit val is 0 
Creating client socket 
Client-Client Socket created successfully 
Client- Socket Id : 5 
Client-Connecting to server 
Client-Connected to server 
Socket Id : 5 & Message sent : therm:111 
Message Received From Server- op:11;
Client-Bit val is 1 
Client-Bit val is 1 
Setup Client Server Connection at Fri Jan  3 14:27:03 2020
 
Creating client socket 
Client-Client Socket created successfully 
Client- Socket Id : 5 
Client-Connecting to server 
Client-Connected to server 
Socket Id : 5 & Message sent : therm:000 
Message Received From Server- op:00;
Client-Bit val is 0 
Client-Bit val is 0 
Creating client socket 
Client-Client Socket created successfully 
Client- Socket Id : 5 
Client-Connecting to server 
Client-Connected to server 
Socket Id : 5 & Message sent : therm:000 
Message Received From Server- op:00;
Client-Bit val is 0 
Client-Bit val is 0 
Creating client socket 
Client-Client Socket created successfully 
Client- Socket Id : 5 
Client-Connecting to server 
Client-Connected to server 
Socket Id : 5 & Message sent : therm:001 
Message Received From Server- op:01;
Client-Bit val is 0 
Client-Bit val is 1 
Creating client socket 
Client-Client Socket created successfully 
Client- Socket Id : 5 
Client-Connecting to server 
Client-Connected to server 
Socket Id : 5 & Message sent : therm:011 
Message Received From Server- op:10;
Client-Bit val is 1 
Client-Bit val is 0 
Creating client socket 
Client-Client Socket created successfully 
Client- Socket Id : 5 
Client-Connecting to server 
Client-Connected to server 
Socket Id : 5 & Message sent : therm:111 
Message Received From Server- op:11;
Client-Bit val is 1 
Client-Bit val is 1 
Setup Client Server Connection at Fri Jan  3 14:32:33 2020
 
Creating client socket 
Client-Client Socket created successfully 
Client- Socket Id : 5 
Client-Connecting to server 
Client-Connected to server 
Socket Id : 5 & Message sent : therm:000 
Message Received From Server- op:00;
Client-Bit val is 0 
Client-Bit val is 0 
Creating client socket 
Client-Client Socket created successfully 
Client- Socket Id : 5 
Client-Connecting to server 
Client-Connected to server 
Socket Id : 5 & Message sent : therm:000 
Message Received From Server- op:00;
Client-Bit val is 0 
Client-Bit val is 0 
Creating client socket 
Client-Client Socket created successfully 
Client- Socket Id : 5 
Client-Connecting to server 
Client-Connected to server 
Socket Id : 5 & Message sent : therm:001 
Message Received From Server- op:01;
Client-Bit val is 0 
Client-Bit val is 1 
Creating client socket 
Client-Client Socket created successfully 
Client- Socket Id : 5 
Client-Connecting to server 
Client-Connected to server 
Socket Id : 5 & Message sent : therm:011 
Message Received From Server- op:10;
Client-Bit val is 1 
Client-Bit val is 0 
Creating client socket 
Client-Client Socket created successfully 
Client- Socket Id : 5 
Client-Connecting to server 
Client-Connected to server 
Socket Id : 5 & Message sent : therm:111 
Message Received From Server- op:11;
Client-Bit val is 1 
Client-Bit val is 1 
Setup Client Server Connection at Fri Jan  3 14:34:26 2020
 
Creating client socket 
Client-Client Socket created successfully 
Client- Socket Id : 5 
Client-Connecting to server 
Client-Connected to server 
Socket Id : 5 & Message sent : therm:000 
Message Received From Server- op:00;
Client-Bit val is 0 
Client-Bit val is 0 
Creating client socket 
Client-Client Socket created successfully 
Client- Socket Id : 5 
Client-Connecting to server 
Client-Connected to server 
Socket Id : 5 & Message sent : therm:000 
Message Received From Server- op:00;
Client-Bit val is 0 
Client-Bit val is 0 
Creating client socket 
Client-Client Socket created successfully 
Client- Socket Id : 5 
Client-Connecting to server 
Client-Connected to server 
Socket Id : 5 & Message sent : therm:001 
Message Received From Server- op:01;
Client-Bit val is 0 
Client-Bit val is 1 
Creating client socket 
Client-Client Socket created successfully 
Client- Socket Id : 5 
Client-Connecting to server 
Client-Connected to server 
Socket Id : 5 & Message sent : therm:011 
Message Received From Server- op:10;
Client-Bit val is 1 
Client-Bit val is 0 
Creating client socket 
Client-Client Socket created successfully 
Client- Socket Id : 5 
Client-Connecting to server 
Client-Connected to server 
Socket Id : 5 & Message sent : therm:111 
Message Received From Server- op:11;
Client-Bit val is 1 
Client-Bit val is 1 
Setup Client Server Connection at Fri Jan  3 14:36:11 2020
 
Creating client socket 
Client-Client Socket created successfully 
Client- Socket Id : 5 
Client-Connecting to server 
Client-Connected to server 
Socket Id : 5 & Message sent : therm:000 
Message Received From Server- op:00;
Client-Bit val is 0 
Client-Bit val is 0 
Creating client socket 
Client-Client Socket created successfully 
Client- Socket Id : 5 
Client-Connecting to server 
Client-Connected to server 
Socket Id : 5 & Message sent : therm:000 
Message Received From Server- op:00;
Client-Bit val is 0 
Client-Bit val is 0 
Creating client socket 
Client-Client Socket created successfully 
Client- Socket Id : 5 
Client-Connecting to server 
Client-Connected to server 
Socket Id : 5 & Message sent : therm:001 
Message Received From Server- op:01;
Client-Bit val is 0 
Client-Bit val is 1 
Creating client socket 
Client-Client Socket created successfully 
Client- Socket Id : 5 
Client-Connecting to server 
Client-Connected to server 
Socket Id : 5 & Message sent : therm:011 
Message Received From Server- op:10;
Client-Bit val is 1 
Client-Bit val is 0 
Creating client socket 
Client-Client Socket created successfully 
Client- Socket Id : 5 
Client-Connecting to server 
Client-Connected to server 
Socket Id : 5 & Message sent : therm:111 
Message Received From Server- op:11;
Client-Bit val is 1 
Client-Bit val is 1 
Setup Client Server Connection at Fri Jan  3 14:36:36 2020
 
Creating client socket 
Client-Client Socket created successfully 
Client- Socket Id : 5 
Client-Connecting to server 
Client-Connected to server 
Socket Id : 5 & Message sent : therm:000 
Message Received From Server- op:00;
Client-Bit val is 0 
Client-Bit val is 0 
Creating client socket 
Client-Client Socket created successfully 
Client- Socket Id : 5 
Client-Connecting to server 
Client-Connected to server 
Socket Id : 5 & Message sent : therm:000 
Message Received From Server- op:00;
Client-Bit val is 0 
Client-Bit val is 0 
Creating client socket 
Client-Client Socket created successfully 
Client- Socket Id : 5 
Client-Connecting to server 
Client-Connected to server 
Socket Id : 5 & Message sent : therm:001 
Message Received From Server- op:01;
Client-Bit val is 0 
Client-Bit val is 1 
Creating client socket 
Client-Client Socket created successfully 
Client- Socket Id : 5 
Client-Connecting to server 
Client-Connected to server 
Socket Id : 5 & Message sent : therm:011 
Message Received From Server- op:10;
Client-Bit val is 1 
Client-Bit val is 0 
Creating client socket 
Client-Client Socket created successfully 
Client- Socket Id : 5 
Client-Connecting to server 
Client-Connected to server 
Socket Id : 5 & Message sent : therm:111 
Message Received From Server- op:11;
Client-Bit val is 1 
Client-Bit val is 1 
Setup Client Server Connection at Fri Jan  3 14:46:21 2020
 
Creating client socket 
Client-Client Socket created successfully 
Client- Socket Id : 5 
Client-Connecting to server 
Client-Connected to server 
Socket Id : 5 & Message sent : therm:000 
Message Received From Server- op:00;
Client-Bit val is 0 
Client-Bit val is 0 
Creating client socket 
Client-Client Socket created successfully 
Client- Socket Id : 5 
Client-Connecting to server 
Client-Connected to server 
Socket Id : 5 & Message sent : therm:000 
Message Received From Server- op:00;
Client-Bit val is 0 
Client-Bit val is 0 
Creating client socket 
Client-Client Socket created successfully 
Client- Socket Id : 5 
Client-Connecting to server 
Client-Connected to server 
Socket Id : 5 & Message sent : therm:001 
Message Received From Server- op:01;
Client-Bit val is 0 
Client-Bit val is 1 
Creating client socket 
Client-Client Socket created successfully 
Client- Socket Id : 5 
Client-Connecting to server 
Client-Connected to server 
Socket Id : 5 & Message sent : therm:011 
Message Received From Server- op:10;
Client-Bit val is 1 
Client-Bit val is 0 
Creating client socket 
Client-Client Socket created successfully 
Client- Socket Id : 5 
Client-Connecting to server 
Client-Connected to server 
Socket Id : 5 & Message sent : therm:011 
Message Received From Server- op:10;
Client-Bit val is 1 
Client-Bit val is 0 
Creating client socket 
Client-Client Socket created successfully 
Client- Socket Id : 5 
Client-Connecting to server 
Client-Connected to server 
Socket Id : 5 & Message sent : therm:111 
Message Received From Server- op:11;
Client-Bit val is 1 
Client-Bit val is 1 
Creating client socket 
Client-Client Socket created successfully 
Client- Socket Id : 5 
Client-Connecting to server 
Client-Connected to server 
Socket Id : 5 & Message sent : therm:011 
Message Received From Server- op:00;
Client-Bit val is 0 
Client-Bit val is 0 
Creating client socket 
Client-Client Socket created successfully 
Client- Socket Id : 5 
Client-Connecting to server 
Client-Connected to server 
Socket Id : 5 & Message sent : therm:001 
Message Received From Server- op:01;
Client-Bit val is 0 
Client-Bit val is 1 
Creating client socket 
Client-Client Socket created successfully 
Client- Socket Id : 5 
Client-Connecting to server 
Client-Connected to server 
Socket Id : 5 & Message sent : therm:000 
Message Received From Server- op:00;
Client-Bit val is 0 
Client-Bit val is 0 
Creating client socket 
Client-Client Socket created successfully 
Client- Socket Id : 5 
Client-Connecting to server 
Client-Connected to server 
Socket Id : 5 & Message sent : therm:001 
Message Received From Server- op:01;
Client-Bit val is 0 
Client-Bit val is 1 
Creating client socket 
Client-Client Socket created successfully 
Client- Socket Id : 5 
Client-Connecting to server 
Client-Connected to server 
Socket Id : 5 & Message sent : therm:011 
Message Received From Server- op:10;
Client-Bit val is 1 
Client-Bit val is 0 
Creating client socket 
Client-Client Socket created successfully 
Client- Socket Id : 5 
Client-Connecting to server 
Client-Connected to server 
Socket Id : 5 & Message sent : therm:111 
Message Received From Server- op:11;
Client-Bit val is 1 
Client-Bit val is 1 
Creating client socket 
Client-Client Socket created successfully 
Client- Socket Id : 5 
Client-Connecting to server 
Client-Connected to server 
Socket Id : 5 & Message sent : therm:011 
Message Received From Server- op:00;
Client-Bit val is 0 
Client-Bit val is 0 
Creating client socket 
Client-Client Socket created successfully 
Client- Socket Id : 5 
Client-Connecting to server 
Client-Connected to server 
Socket Id : 5 & Message sent : therm:001 
Message Received From Server- op:01;
Client-Bit val is 0 
Client-Bit val is 1 
Creating client socket 
Client-Client Socket created successfully 
Client- Socket Id : 5 
Client-Connecting to server 
Client-Connected to server 
Socket Id : 5 & Message sent : therm:000 
Message Received From Server- op:00;
Client-Bit val is 0 
Client-Bit val is 0 
Creating client socket 
Client-Client Socket created successfully 
Client- Socket Id : 5 
Client-Connecting to server 
Client-Connected to server 
Socket Id : 5 & Message sent : therm:001 
Message Received From Server- op:01;
Client-Bit val is 0 
Client-Bit val is 1 
Creating client socket 
Client-Client Socket created successfully 
Client- Socket Id : 5 
Client-Connecting to server 
Client-Connected to server 
Socket Id : 5 & Message sent : therm:011 
Message Received From Server- op:10;
Client-Bit val is 1 
Client-Bit val is 0 
Creating client socket 
Client-Client Socket created successfully 
Client- Socket Id : 5 
Client-Connecting to server 
Client-Connected to server 
Socket Id : 5 & Message sent : therm:111 
Message Received From Server- op:11;
Client-Bit val is 1 
Client-Bit val is 1 
Creating client socket 
Client-Client Socket created successfully 
Client- Socket Id : 5 
Client-Connecting to server 
Client-Connected to server 
Socket Id : 5 & Message sent : therm:011 
Message Received From Server- op:00;
Client-Bit val is 0 
Client-Bit val is 0 
Creating client socket 
Client-Client Socket created successfully 
Client- Socket Id : 5 
Client-Connecting to server 
Client-Connected to server 
Socket Id : 5 & Message sent : therm:001 
Message Received From Server- op:01;
Client-Bit val is 0 
Client-Bit val is 1 
Creating client socket 
Client-Client Socket created successfully 
Client- Socket Id : 5 
Client-Connecting to server 
Client-Connected to server 
Socket Id : 5 & Message sent : therm:000 
Message Received From Server- op:00;
Client-Bit val is 0 
Client-Bit val is 0 
Creating client socket 
Client-Client Socket created successfully 
Client- Socket Id : 5 
Client-Connecting to server 
Client-Connected to server 
Socket Id : 5 & Message sent : therm:001 
Message Received From Server- op:01;
Client-Bit val is 0 
Client-Bit val is 1 
Creating client socket 
Client-Client Socket created successfully 
Client- Socket Id : 5 
Client-Connecting to server 
Client-Connected to server 
Socket Id : 5 & Message sent : therm:011 
Message Received From Server- op:10;
Client-Bit val is 1 
Client-Bit val is 0 
Creating client socket 
Client-Client Socket created successfully 
Client- Socket Id : 5 
Client-Connecting to server 
Client-Connected to server 
Socket Id : 5 & Message sent : therm:111 
Message Received From Server- op:11;
Client-Bit val is 1 
Client-Bit val is 1 
Creating client socket 
Client-Client Socket created successfully 
Client- Socket Id : 5 
Client-Connecting to server 
Client-Connected to server 
Socket Id : 5 & Message sent : therm:011 
Message Received From Server- op:00;
Client-Bit val is 0 
Client-Bit val is 0 
Creating client socket 
Client-Client Socket created successfully 
Client- Socket Id : 5 
Client-Connecting to server 
Client-Connected to server 
Socket Id : 5 & Message sent : therm:001 
Message Received From Server- op:01;
Client-Bit val is 0 
Client-Bit val is 1 
Creating client socket 
Client-Client Socket created successfully 
Client- Socket Id : 5 
Client-Connecting to server 
Client-Connected to server 
Socket Id : 5 & Message sent : therm:000 
Message Received From Server- op:00;
Client-Bit val is 0 
Client-Bit val is 0 
Creating client socket 
Client-Client Socket created successfully 
Client- Socket Id : 5 
Client-Connecting to server 
Client-Connected to server 
Socket Id : 5 & Message sent : therm:001 
Message Received From Server- op:01;
Client-Bit val is 0 
Client-Bit val is 1 
Creating client socket 
Client-Client Socket created successfully 
Client- Socket Id : 5 
Client-Connecting to server 
Client-Connected to server 
Socket Id : 5 & Message sent : therm:011 
Message Received From Server- op:10;
Client-Bit val is 1 
Client-Bit val is 0 
Creating client socket 
Client-Client Socket created successfully 
Client- Socket Id : 5 
Client-Connecting to server 
Client-Connected to server 
Socket Id : 5 & Message sent : therm:111 
Message Received From Server- op:11;
Client-Bit val is 1 
Client-Bit val is 1 
Creating client socket 
Client-Client Socket created successfully 
Client- Socket Id : 5 
Client-Connecting to server 
Client-Connected to server 
Socket Id : 5 & Message sent : therm:111 
Message Received From Server- op:11;
Client-Bit val is 1 
Client-Bit val is 1 
Creating client socket 
Client-Client Socket created successfully 
Client- Socket Id : 5 
Client-Connecting to server 
Client-Connected to server 
Socket Id : 5 & Message sent : therm:011 
Message Received From Server- op:00;
Client-Bit val is 0 
Client-Bit val is 0 
Creating client socket 
Client-Client Socket created successfully 
Client- Socket Id : 5 
Client-Connecting to server 
Client-Connected to server 
Socket Id : 5 & Message sent : therm:001 
Message Received From Server- op:01;
Client-Bit val is 0 
Client-Bit val is 1 
Creating client socket 
Client-Client Socket created successfully 
Client- Socket Id : 5 
Client-Connecting to server 
Client-Connected to server 
Socket Id : 5 & Message sent : therm:000 
Message Received From Server- op:00;
Client-Bit val is 0 
Client-Bit val is 0 
Creating client socket 
Client-Client Socket created successfully 
Client- Socket Id : 5 
Client-Connecting to server 
Client-Connected to server 
Socket Id : 5 & Message sent : therm:001 
Message Received From Server- op:01;
Client-Bit val is 0 
Client-Bit val is 1 
Creating client socket 
Client-Client Socket created successfully 
Client- Socket Id : 5 
Client-Connecting to server 
Client-Connected to server 
Socket Id : 5 & Message sent : therm:011 
Message Received From Server- op:10;
Client-Bit val is 1 
Client-Bit val is 0 
Creating client socket 
Client-Client Socket created successfully 
Client- Socket Id : 5 
Client-Connecting to server 
Client-Connected to server 
Socket Id : 5 & Message sent : therm:111 
Message Received From Server- op:11;
Client-Bit val is 1 
Client-Bit val is 1 
Creating client socket 
Client-Client Socket created successfully 
Client- Socket Id : 5 
Client-Connecting to server 
Client-Connected to server 
Socket Id : 5 & Message sent : therm:111 
Message Received From Server- op:11;
Client-Bit val is 1 
Client-Bit val is 1 
Creating client socket 
Client-Client Socket created successfully 
Client- Socket Id : 5 
Client-Connecting to server 
Client-Connected to server 
Socket Id : 5 & Message sent : therm:011 
Message Received From Server- op:00;
Client-Bit val is 0 
Client-Bit val is 0 
Creating client socket 
Client-Client Socket created successfully 
Client- Socket Id : 5 
Client-Connecting to server 
Client-Connected to server 
Socket Id : 5 & Message sent : therm:001 
Message Received From Server- op:01;
Client-Bit val is 0 
Client-Bit val is 1 
Creating client socket 
Client-Client Socket created successfully 
Client- Socket Id : 5 
Client-Connecting to server 
Client-Connected to server 
Socket Id : 5 & Message sent : therm:001 
Message Received From Server- op:01;
Client-Bit val is 0 
Client-Bit val is 1 
Creating client socket 
Client-Client Socket created successfully 
Client- Socket Id : 5 
Client-Connecting to server 
Client-Connected to server 
Socket Id : 5 & Message sent : therm:000 
Message Received From Server- op:00;
Client-Bit val is 0 
Client-Bit val is 0 
Creating client socket 
Client-Client Socket created successfully 
Client- Socket Id : 5 
Client-Connecting to server 
Client-Connected to server 
Socket Id : 5 & Message sent : therm:001 
Message Received From Server- op:01;
Client-Bit val is 0 
Client-Bit val is 1 
Creating client socket 
Client-Client Socket created successfully 
Client- Socket Id : 5 
Client-Connecting to server 
Client-Connected to server 
Socket Id : 5 & Message sent : therm:011 
Message Received From Server- op:10;
Client-Bit val is 1 
Client-Bit val is 0 
Creating client socket 
Client-Client Socket created successfully 
Client- Socket Id : 5 
Client-Connecting to server 
Client-Connected to server 
Socket Id : 5 & Message sent : therm:111 
Message Received From Server- op:11;
Client-Bit val is 1 
Client-Bit val is 1 
Creating client socket 
Client-Client Socket created successfully 
Client- Socket Id : 5 
Client-Connecting to server 
Client-Connected to server 
Socket Id : 5 & Message sent : therm:011 
Message Received From Server- op:00;
Client-Bit val is 0 
Client-Bit val is 0 
Creating client socket 
Client-Client Socket created successfully 
Client- Socket Id : 5 
Client-Connecting to server 
Client-Connected to server 
Socket Id : 5 & Message sent : therm:001 
Message Received From Server- op:01;
Client-Bit val is 0 
Client-Bit val is 1 
Creating client socket 
Client-Client Socket created successfully 
Client- Socket Id : 5 
Client-Connecting to server 
Client-Connected to server 
Socket Id : 5 & Message sent : therm:000 
Message Received From Server- op:00;
Client-Bit val is 0 
Client-Bit val is 0 
Creating client socket 
Client-Client Socket created successfully 
Client- Socket Id : 5 
Client-Connecting to server 
Client-Connected to server 
Socket Id : 5 & Message sent : therm:001 
Message Received From Server- op:01;
Client-Bit val is 0 
Client-Bit val is 1 
Creating client socket 
Client-Client Socket created successfully 
Client- Socket Id : 5 
Client-Connecting to server 
Client-Connected to server 
Socket Id : 5 & Message sent : therm:011 
Message Received From Server- op:10;
Client-Bit val is 1 
Client-Bit val is 0 
Creating client socket 
Client-Client Socket created successfully 
Client- Socket Id : 5 
Client-Connecting to server 
Client-Connected to server 
Socket Id : 5 & Message sent : therm:111 
Message Received From Server- op:11;
Client-Bit val is 1 
Client-Bit val is 1 
Creating client socket 
Client-Client Socket created successfully 
Client- Socket Id : 5 
Client-Connecting to server 
Client-Connected to server 
Socket Id : 5 & Message sent : therm:011 
Message Received From Server- op:00;
Client-Bit val is 0 
Client-Bit val is 0 
Creating client socket 
Client-Client Socket created successfully 
Client- Socket Id : 5 
Client-Connecting to server 
Client-Connected to server 
Socket Id : 5 & Message sent : therm:001 
Message Received From Server- op:01;
Client-Bit val is 0 
Client-Bit val is 1 
Creating client socket 
Client-Client Socket created successfully 
Client- Socket Id : 5 
Client-Connecting to server 
Client-Connected to server 
Socket Id : 5 & Message sent : therm:000 
Message Received From Server- op:00;
Client-Bit val is 0 
Client-Bit val is 0 
Creating client socket 
Client-Client Socket created successfully 
Client- Socket Id : 5 
Client-Connecting to server 
Client-Connected to server 
Socket Id : 5 & Message sent : therm:001 
Message Received From Server- op:01;
Client-Bit val is 0 
Client-Bit val is 1 
Creating client socket 
Client-Client Socket created successfully 
Client- Socket Id : 5 
Client-Connecting to server 
Client-Connected to server 
Socket Id : 5 & Message sent : therm:011 
Message Received From Server- op:10;
Client-Bit val is 1 
Client-Bit val is 0 
Creating client socket 
Client-Client Socket created successfully 
Client- Socket Id : 5 
Client-Connecting to server 
Client-Connected to server 
Socket Id : 5 & Message sent : therm:111 
Message Received From Server- op:11;
Client-Bit val is 1 
Client-Bit val is 1 
Creating client socket 
Client-Client Socket created successfully 
Client- Socket Id : 5 
Client-Connecting to server 
Client-Connected to server 
Socket Id : 5 & Message sent : therm:011 
Message Received From Server- op:00;
Client-Bit val is 0 
Client-Bit val is 0 
Creating client socket 
Client-Client Socket created successfully 
Client- Socket Id : 5 
Client-Connecting to server 
Client-Connected to server 
Socket Id : 5 & Message sent : therm:001 
Message Received From Server- op:01;
Client-Bit val is 0 
Client-Bit val is 1 
Creating client socket 
Client-Client Socket created successfully 
Client- Socket Id : 5 
Client-Connecting to server 
Client-Connected to server 
Socket Id : 5 & Message sent : therm:000 
Message Received From Server- op:00;
Client-Bit val is 0 
Client-Bit val is 0 
Creating client socket 
Client-Client Socket created successfully 
Client- Socket Id : 5 
Client-Connecting to server 
Client-Connected to server 
Socket Id : 5 & Message sent : therm:001 
Message Received From Server- op:01;
Client-Bit val is 0 
Client-Bit val is 1 
Creating client socket 
Client-Client Socket created successfully 
Client- Socket Id : 5 
Client-Connecting to server 
Client-Connected to server 
Socket Id : 5 & Message sent : therm:011 
Message Received From Server- op:10;
Client-Bit val is 1 
Client-Bit val is 0 
Creating client socket 
Client-Client Socket created successfully 
Client- Socket Id : 5 
Client-Connecting to server 
Client-Connected to server 
Socket Id : 5 & Message sent : therm:111 
Message Received From Server- op:11;
Client-Bit val is 1 
Client-Bit val is 1 
Creating client socket 
Client-Client Socket created successfully 
Client- Socket Id : 5 
Client-Connecting to server 
Client-Connected to server 
Socket Id : 5 & Message sent : therm:111 
Message Received From Server- op:11;
Client-Bit val is 1 
Client-Bit val is 1 
Creating client socket 
Client-Client Socket created successfully 
Client- Socket Id : 5 
Client-Connecting to server 
Client-Connected to server 
Socket Id : 5 & Message sent : therm:011 
Message Received From Server- op:00;
Client-Bit val is 0 
Client-Bit val is 0 
Creating client socket 
Client-Client Socket created successfully 
Client- Socket Id : 5 
Client-Connecting to server 
Client-Connected to server 
Socket Id : 5 & Message sent : therm:001 
Message Received From Server- op:01;
Client-Bit val is 0 
Client-Bit val is 1 
Creating client socket 
Client-Client Socket created successfully 
Client- Socket Id : 5 
Client-Connecting to server 
Client-Connected to server 
Socket Id : 5 & Message sent : therm:001 
Message Received From Server- op:01;
Client-Bit val is 0 
Client-Bit val is 1 
Creating client socket 
Client-Client Socket created successfully 
Client- Socket Id : 5 
Client-Connecting to server 
Client-Connected to server 
Socket Id : 5 & Message sent : therm:000 
Message Received From Server- op:00;
Client-Bit val is 0 
Client-Bit val is 0 
Setup Client Server Connection at Fri Jan  3 14:46:58 2020
 
Creating client socket 
Client-Client Socket created successfully 
Client- Socket Id : 5 
Client-Connecting to server 
Client-Connected to server 
Socket Id : 5 & Message sent : therm:000 
Message Received From Server- op:00;
Client-Bit val is 0 
Client-Bit val is 0 
Creating client socket 
Client-Client Socket created successfully 
Client- Socket Id : 5 
Client-Connecting to server 
Client-Connected to server 
Socket Id : 5 & Message sent : therm:000 
Message Received From Server- op:00;
Client-Bit val is 0 
Client-Bit val is 0 
Creating client socket 
Client-Client Socket created successfully 
Client- Socket Id : 5 
Client-Connecting to server 
Client-Connected to server 
Socket Id : 5 & Message sent : therm:001 
Message Received From Server- op:01;
Client-Bit val is 0 
Client-Bit val is 1 
Creating client socket 
Client-Client Socket created successfully 
Client- Socket Id : 5 
Client-Connecting to server 
Client-Connected to server 
Socket Id : 5 & Message sent : therm:011 
Message Received From Server- op:10;
Client-Bit val is 1 
Client-Bit val is 0 
Creating client socket 
Client-Client Socket created successfully 
Client- Socket Id : 5 
Client-Connecting to server 
Client-Connected to server 
Socket Id : 5 & Message sent : therm:011 
Message Received From Server- op:10;
Client-Bit val is 1 
Client-Bit val is 0 
Creating client socket 
Client-Client Socket created successfully 
Client- Socket Id : 5 
Client-Connecting to server 
Client-Connected to server 
Socket Id : 5 & Message sent : therm:111 
Message Received From Server- op:11;
Client-Bit val is 1 
Client-Bit val is 1 
Creating client socket 
Client-Client Socket created successfully 
Client- Socket Id : 5 
Client-Connecting to server 
Client-Connected to server 
Socket Id : 5 & Message sent : therm:011 
Message Received From Server- op:00;
Client-Bit val is 0 
Client-Bit val is 0 
Creating client socket 
Client-Client Socket created successfully 
Client- Socket Id : 5 
Client-Connecting to server 
Client-Connected to server 
Socket Id : 5 & Message sent : therm:001 
Message Received From Server- op:01;
Client-Bit val is 0 
Client-Bit val is 1 
Creating client socket 
Client-Client Socket created successfully 
Client- Socket Id : 5 
Client-Connecting to server 
Client-Connected to server 
Socket Id : 5 & Message sent : therm:000 
Message Received From Server- op:00;
Client-Bit val is 0 
Client-Bit val is 0 
Setup Client Server Connection at Fri Jan  3 14:48:15 2020
 
Creating client socket 
Client-Client Socket created successfully 
Client- Socket Id : 5 
Client-Connecting to server 
Client-Connected to server 
Socket Id : 5 & Message sent : therm:000 
Message Received From Server- op:00;
Client-Bit val is 0 
Client-Bit val is 0 
Creating client socket 
Client-Client Socket created successfully 
Client- Socket Id : 5 
Client-Connecting to server 
Client-Connected to server 
Socket Id : 5 & Message sent : therm:000 
Message Received From Server- op:00;
Client-Bit val is 0 
Client-Bit val is 0 
Creating client socket 
Client-Client Socket created successfully 
Client- Socket Id : 5 
Client-Connecting to server 
Client-Connected to server 
Socket Id : 5 & Message sent : therm:001 
Message Received From Server- op:01;
Client-Bit val is 0 
Client-Bit val is 1 
Creating client socket 
Client-Client Socket created successfully 
Client- Socket Id : 5 
Client-Connecting to server 
Client-Connected to server 
Socket Id : 5 & Message sent : therm:011 
Message Received From Server- op:10;
Client-Bit val is 1 
Client-Bit val is 0 
Creating client socket 
Client-Client Socket created successfully 
Client- Socket Id : 5 
Client-Connecting to server 
Client-Connected to server 
Socket Id : 5 & Message sent : therm:111 
Message Received From Server- op:11;
Client-Bit val is 1 
Client-Bit val is 1 
Setup Client Server Connection at Fri Jan  3 14:48:40 2020
 
Creating client socket 
Client-Client Socket created successfully 
Client- Socket Id : 5 
Client-Connecting to server 
Client-Connected to server 
Socket Id : 5 & Message sent : therm:000 
Message Received From Server- op:00;
Client-Bit val is 0 
Client-Bit val is 0 
Creating client socket 
Client-Client Socket created successfully 
Client- Socket Id : 5 
Client-Connecting to server 
Client-Connected to server 
Socket Id : 5 & Message sent : therm:000 
Message Received From Server- op:00;
Client-Bit val is 0 
Client-Bit val is 0 
Creating client socket 
Client-Client Socket created successfully 
Client- Socket Id : 5 
Client-Connecting to server 
Client-Connected to server 
Socket Id : 5 & Message sent : therm:001 
Message Received From Server- op:01;
Client-Bit val is 0 
Client-Bit val is 1 
Creating client socket 
Client-Client Socket created successfully 
Client- Socket Id : 5 
Client-Connecting to server 
Client-Connected to server 
Socket Id : 5 & Message sent : therm:011 
Message Received From Server- op:10;
Client-Bit val is 1 
Client-Bit val is 0 
Creating client socket 
Client-Client Socket created successfully 
Client- Socket Id : 5 
Client-Connecting to server 
Client-Connected to server 
Socket Id : 5 & Message sent : therm:111 
Message Received From Server- op:11;
Client-Bit val is 1 
Client-Bit val is 1 
Setup Client Server Connection at Fri Jan  3 14:50:38 2020
 
Creating client socket 
Client-Client Socket created successfully 
Client- Socket Id : 5 
Client-Connecting to server 
Client-Connected to server 
Socket Id : 5 & Message sent : therm:000 
Message Received From Server- op:00;
Client-Bit val is 0 
Client-Bit val is 0 
Creating client socket 
Client-Client Socket created successfully 
Client- Socket Id : 5 
Client-Connecting to server 
Client-Connected to server 
Socket Id : 5 & Message sent : therm:000 
Message Received From Server- op:00;
Client-Bit val is 0 
Client-Bit val is 0 
Creating client socket 
Client-Client Socket created successfully 
Client- Socket Id : 5 
Client-Connecting to server 
Client-Connected to server 
Socket Id : 5 & Message sent : therm:111 
Message Received From Server- op:01;
Client-Bit val is 0 
Client-Bit val is 1 
Setup Client Server Connection at Fri Jan  3 14:51:25 2020
 
Creating client socket 
Client-Client Socket created successfully 
Client- Socket Id : 5 
Client-Connecting to server 
Client-Connected to server 
Socket Id : 5 & Message sent : therm:000 
Message Received From Server- op:00;
Client-Bit val is 0 
Client-Bit val is 0 
Creating client socket 
Client-Client Socket created successfully 
Client- Socket Id : 5 
Client-Connecting to server 
Client-Connected to server 
Socket Id : 5 & Message sent : therm:000 
Message Received From Server- op:00;
Client-Bit val is 0 
Client-Bit val is 0 
Creating client socket 
Client-Client Socket created successfully 
Client- Socket Id : 5 
Client-Connecting to server 
Client-Connected to server 
Socket Id : 5 & Message sent : therm:111 
Message Received From Server- op:01;
Client-Bit val is 0 
Client-Bit val is 1 
Setup Client Server Connection at Fri Jan  3 14:52:19 2020
 
Creating client socket 
Client-Client Socket created successfully 
Client- Socket Id : 5 
Client-Connecting to server 
Client-Connected to server 
Socket Id : 5 & Message sent : therm:000 
Message Received From Server- op:00;
Client-Bit val is 0 
Client-Bit val is 0 
Creating client socket 
Client-Client Socket created successfully 
Client- Socket Id : 5 
Client-Connecting to server 
Client-Connected to server 
Socket Id : 5 & Message sent : therm:000 
Message Received From Server- op:00;
Client-Bit val is 0 
Client-Bit val is 0 
Creating client socket 
Client-Client Socket created successfully 
Client- Socket Id : 5 
Client-Connecting to server 
Client-Connected to server 
Socket Id : 5 & Message sent : therm:111 
Message Received From Server- op:01;
Client-Bit val is 0 
Client-Bit val is 1 
Setup Client Server Connection at Fri Jan  3 14:53:05 2020
 
Creating client socket 
Client-Client Socket created successfully 
Client- Socket Id : 5 
Client-Connecting to server 
Client-Connected to server 
Socket Id : 5 & Message sent : therm:000 
Message Received From Server- op:00;
Client-Bit val is 0 
Client-Bit val is 0 
Creating client socket 
Client-Client Socket created successfully 
Client- Socket Id : 5 
Client-Connecting to server 
Client-Connected to server 
Socket Id : 5 & Message sent : therm:000 
Message Received From Server- op:00;
Client-Bit val is 0 
Client-Bit val is 0 
Creating client socket 
Client-Client Socket created successfully 
Client- Socket Id : 5 
Client-Connecting to server 
Client-Connected to server 
Socket Id : 5 & Message sent : therm:001 
Message Received From Server- op:01;
Client-Bit val is 0 
Client-Bit val is 1 
Creating client socket 
Client-Client Socket created successfully 
Client- Socket Id : 5 
Client-Connecting to server 
Client-Connected to server 
Socket Id : 5 & Message sent : therm:011 
Message Received From Server- op:10;
Client-Bit val is 1 
Client-Bit val is 0 
Creating client socket 
Client-Client Socket created successfully 
Client- Socket Id : 5 
Client-Connecting to server 
Client-Connected to server 
Socket Id : 5 & Message sent : therm:111 
Message Received From Server- op:11;
Client-Bit val is 1 
Client-Bit val is 1 
Setup Client Server Connection at Fri Jan  3 14:53:25 2020
 
Creating client socket 
Client-Client Socket created successfully 
Client- Socket Id : 5 
Client-Connecting to server 
Client-Connected to server 
Socket Id : 5 & Message sent : therm:000 
Message Received From Server- op:00;
Client-Bit val is 0 
Client-Bit val is 0 
Creating client socket 
Client-Client Socket created successfully 
Client- Socket Id : 5 
Client-Connecting to server 
Client-Connected to server 
Socket Id : 5 & Message sent : therm:000 
Message Received From Server- op:00;
Client-Bit val is 0 
Client-Bit val is 0 
Creating client socket 
Client-Client Socket created successfully 
Client- Socket Id : 5 
Client-Connecting to server 
Client-Connected to server 
Socket Id : 5 & Message sent : therm:001 
Message Received From Server- op:01;
Client-Bit val is 0 
Client-Bit val is 1 
Creating client socket 
Client-Client Socket created successfully 
Client- Socket Id : 5 
Client-Connecting to server 
Client-Connected to server 
Socket Id : 5 & Message sent : therm:011 
Message Received From Server- op:10;
Client-Bit val is 1 
Client-Bit val is 0 
Creating client socket 
Client-Client Socket created successfully 
Client- Socket Id : 5 
Client-Connecting to server 
Client-Connected to server 
Socket Id : 5 & Message sent : therm:111 
Message Received From Server- op:11;
Client-Bit val is 1 
Client-Bit val is 1 
Setup Client Server Connection at Fri Jan  3 14:54:24 2020
 
Creating client socket 
Client-Client Socket created successfully 
Client- Socket Id : 5 
Client-Connecting to server 
Client-Connected to server 
Socket Id : 5 & Message sent : therm:000 
Message Received From Server- op:00;
Client-Bit val is 0 
Client-Bit val is 0 
Creating client socket 
Client-Client Socket created successfully 
Client- Socket Id : 5 
Client-Connecting to server 
Client-Connected to server 
Socket Id : 5 & Message sent : therm:000 
Message Received From Server- op:00;
Client-Bit val is 0 
Client-Bit val is 0 
Creating client socket 
Client-Client Socket created successfully 
Client- Socket Id : 5 
Client-Connecting to server 
Client-Connected to server 
Socket Id : 5 & Message sent : therm:001 
Message Received From Server- op:01;
Client-Bit val is 0 
Client-Bit val is 1 
Creating client socket 
Client-Client Socket created successfully 
Client- Socket Id : 5 
Client-Connecting to server 
Client-Connected to server 
Socket Id : 5 & Message sent : therm:011 
Message Received From Server- op:10;
Client-Bit val is 1 
Client-Bit val is 0 
Creating client socket 
Client-Client Socket created successfully 
Client- Socket Id : 5 
Client-Connecting to server 
Client-Connected to server 
Socket Id : 5 & Message sent : therm:111 
Message Received From Server- op:11;
Client-Bit val is 1 
Client-Bit val is 1 
Setup Client Server Connection at Fri Jan  3 14:56:30 2020
 
Creating client socket 
Client-Client Socket created successfully 
Client- Socket Id : 5 
Client-Connecting to server 
Client-Connected to server 
Socket Id : 5 & Message sent : therm:000 
Message Received From Server- op:00;
Client-Bit val is 0 
Client-Bit val is 0 
Creating client socket 
Client-Client Socket created successfully 
Client- Socket Id : 5 
Client-Connecting to server 
Client-Connected to server 
Socket Id : 5 & Message sent : therm:000 
Message Received From Server- op:00;
Client-Bit val is 0 
Client-Bit val is 0 
Creating client socket 
Client-Client Socket created successfully 
Client- Socket Id : 5 
Client-Connecting to server 
Client-Connected to server 
Socket Id : 5 & Message sent : therm:001 
Message Received From Server- op:01;
Client-Bit val is 0 
Client-Bit val is 1 
Creating client socket 
Client-Client Socket created successfully 
Client- Socket Id : 5 
Client-Connecting to server 
Client-Connected to server 
Socket Id : 5 & Message sent : therm:011 
Message Received From Server- op:10;
Client-Bit val is 1 
Client-Bit val is 0 
Creating client socket 
Client-Client Socket created successfully 
Client- Socket Id : 5 
Client-Connecting to server 
Client-Connected to server 
Socket Id : 5 & Message sent : therm:111 
Message Received From Server- op:11;
Client-Bit val is 1 
Client-Bit val is 1 
Setup Client Server Connection at Fri Jan  3 15:10:13 2020
 
Creating client socket 
Client-Client Socket created successfully 
Client- Socket Id : 5 
Client-Connecting to server 
Client-Connected to server 
Socket Id : 5 & Message sent : therm:000 
Message Received From Server- op:00;
Client-Bit val is 0 
Client-Bit val is 0 
Creating client socket 
Client-Client Socket created successfully 
Client- Socket Id : 5 
Client-Connecting to server 
Client-Connected to server 
Socket Id : 5 & Message sent : therm:000 
Message Received From Server- op:00;
Client-Bit val is 0 
Client-Bit val is 0 
Creating client socket 
Client-Client Socket created successfully 
Client- Socket Id : 5 
Client-Connecting to server 
Client-Connected to server 
Socket Id : 5 & Message sent : therm:001 
Message Received From Server- op:01;
Client-Bit val is 0 
Client-Bit val is 1 
Creating client socket 
Client-Client Socket created successfully 
Client- Socket Id : 5 
Client-Connecting to server 
Client-Connected to server 
Socket Id : 5 & Message sent : therm:011 
Message Received From Server- op:10;
Client-Bit val is 1 
Client-Bit val is 0 
Creating client socket 
Client-Client Socket created successfully 
Client- Socket Id : 5 
Client-Connecting to server 
Client-Connected to server 
Socket Id : 5 & Message sent : therm:111 
Message Received From Server- op:11;
Client-Bit val is 1 
Client-Bit val is 1 
